C51 COMPILER V9.01   NEW                                                                   12/18/2017 00:39:52 PAGE 1   


C51 COMPILER V9.01, COMPILATION OF MODULE NEW
OBJECT MODULE PLACED IN NEW.OBJ
COMPILER INVOKED BY: C:\Keil\C51\BIN\C51.EXE NEW.C BROWSE DEBUG OBJECTEXTEND

line level    source

   1          #include<reg51.h>
   2          #include<ST7565.h>
   3          #include<intrins.h>
   4          #define uchar unsigned char
   5          #define uint unsigned int
   6          
   7          
   8          void WRITE_16(uchar plat,uchar column,uchar p);
   9          void WRITE_8(uchar plat,uchar column,uchar p);
  10          void BCD(char sj);
  11          sbit WeekP=P1^2;
  12          sbit SubC=P1^1;
  13          int Week=0;
  14          int Sub=0;
  15          int Pd=0;
  16          unsigned char code table[50][32]={
  17          /*--  文字:  周  --*/
  18          /*--  宋体12;  此字体下对应的点阵为：宽x高=16x16   --*/
  19          0x00,0x00,0x00,0xFE,0x82,0x92,0x92,0x92,0xFE,0x92,0x92,0x92,0x82,0xFE,0x00,0x00,
  20          0x00,0x00,0x00,0x7F,0x80,0x40,0x1E,0x12,0x12,0x12,0x1E,0x00,0x00,0x1F,0x60,0x80,
  21          
  22          /*--  文字:  一  --*/
  23          /*--  宋体12;  此字体下对应的点阵为：宽x高=16x16   --*/
  24          0x00,0x80,0x80,0x80,0x80,0x80,0x80,0x80,0x80,0x80,0x80,0x80,0x80,0x80,0x80,0x80,
  25          0x00,0x00,0x00,0x00,0x00,0x00,0x00,0x00,0x00,0x00,0x00,0x00,0x00,0x00,0x00,0x00,
  26          
  27          /*--  文字:  二  --*/
  28          /*--  宋体12;  此字体下对应的点阵为：宽x高=16x16   --*/
  29          0x00,0x00,0x00,0x08,0x08,0x08,0x08,0x08,0x08,0x08,0x08,0x08,0x08,0x08,0x00,0x00,
  30          0x00,0x10,0x10,0x10,0x10,0x10,0x10,0x10,0x10,0x10,0x10,0x10,0x10,0x10,0x10,0x10,
  31          
  32          /*--  文字:  三  --*/
  33          /*--  宋体12;  此字体下对应的点阵为：宽x高=16x16   --*/
  34          0x00,0x00,0x04,0x84,0x84,0x84,0x84,0x84,0x84,0x84,0x84,0x84,0x84,0x84,0x04,0x00,
  35          0x00,0x20,0x20,0x20,0x20,0x20,0x20,0x20,0x20,0x20,0x20,0x20,0x20,0x20,0x20,0x20,
  36          
  37          /*--  文字:  四  --*/
  38          /*--  宋体12;  此字体下对应的点阵为：宽x高=16x16   --*/
  39          0x00,0x00,0xFC,0x04,0x04,0x04,0xFC,0x04,0x04,0x04,0xFC,0x04,0x04,0x04,0xFC,0x00,
  40          0x00,0x00,0x7F,0x22,0x22,0x22,0x21,0x20,0x20,0x20,0x20,0x23,0x24,0x28,0x7F,0x00,
  41          
  42          /*--  文字:  五  --*/
  43          /*--  宋体12;  此字体下对应的点阵为：宽x高=16x16   --*/
  44          0x00,0x00,0x02,0x02,0xC2,0x42,0x42,0x42,0x42,0x7E,0xC2,0x42,0x42,0x42,0x02,0x00,
  45          0x00,0x40,0x40,0x40,0x7F,0x40,0x40,0x40,0x40,0x40,0x47,0x78,0x40,0x40,0x40,0x40,
  46          
  47          /*--  文字:  第  --*/
  48          /*--  宋体12;  此字体下对应的点阵为：宽x高=16x16   --*/
  49          0x00,0x02,0x02,0xFA,0x96,0x92,0x93,0x94,0xFA,0x92,0x9A,0x96,0x92,0x93,0x04,0x08,
  50          0x00,0x00,0x1C,0x24,0x44,0x24,0x04,0x04,0xFF,0x0C,0x14,0x24,0x24,0x47,0x40,0x40,
  51          
  52          /*--  文字:  节  --*/
  53          /*--  宋体12;  此字体下对应的点阵为：宽x高=16x16   --*/
  54          0x00,0x04,0x04,0xC4,0x44,0x5F,0x44,0x44,0x44,0xC4,0x44,0x5F,0x44,0x44,0x44,0x04,
  55          0x00,0x00,0x00,0x07,0x08,0x10,0x08,0x00,0x00,0xFF,0x00,0x00,0x00,0x00,0x00,0x00,
C51 COMPILER V9.01   NEW                                                                   12/18/2017 00:39:52 PAGE 2   

  56          
  57          /*--  文字:  基  --*/
  58          /*--  宋体12;  此字体下对应的点阵为：宽x高=16x16   --*/
  59          0x00,0x00,0x04,0x04,0x04,0xFF,0x54,0x54,0x54,0x54,0x54,0xFF,0x04,0x04,0x04,0x00,
  60          0x00,0x11,0x11,0x89,0x85,0x93,0x91,0x91,0xFD,0x91,0x91,0x93,0x85,0x89,0x11,0x11,
  61          
  62          /*--  文字:  教  --*/
  63          /*--  宋体12;  此字体下对应的点阵为：宽x高=16x16   --*/
  64          0x00,0x08,0xF8,0x08,0x08,0x8F,0x70,0x84,0x28,0xB4,0xA4,0xFF,0xA4,0xA4,0xA4,0x20,
  65          0x00,0x80,0x40,0x33,0x0C,0x13,0x20,0x40,0x84,0x04,0x05,0x7E,0x88,0x49,0x0A,0x04,
  66          
  67          /*--  文字:  控  --*/
  68          /*--  宋体12;  此字体下对应的点阵为：宽x高=16x16   --*/
  69          0x00,0x18,0xA8,0x48,0x28,0x0E,0x09,0x28,0x48,0x98,0x20,0x90,0xFF,0x10,0x10,0x10,
  70          0x00,0x40,0x42,0x42,0x42,0x7E,0x42,0x42,0x42,0x40,0x40,0x00,0x7F,0x81,0x42,0x02,
  71          
  72          /*--  文字:  制  --*/
  73          /*--  宋体12;  此字体下对应的点阵为：宽x高=16x16   --*/
  74          0x00,0x00,0xFF,0x00,0x00,0xF8,0x40,0x48,0x48,0x48,0xFF,0x48,0x48,0x4E,0x50,0x40,
  75          0x00,0x00,0x7F,0x80,0x40,0x0F,0x00,0x1E,0x22,0x12,0xFF,0x02,0x02,0x3E,0x00,0x00,
  76          
  77          /*--  文字:  论  --*/
  78          /*--  宋体12;  此字体下对应的点阵为：宽x高=16x16   --*/
  79          0x00,0x40,0x40,0x20,0x90,0x0C,0x03,0x0C,0x90,0x20,0x40,0x00,0xCC,0x42,0x40,0x40,
  80          0x00,0x00,0x70,0x40,0x40,0x41,0x42,0x44,0x3F,0x00,0x10,0x20,0x7F,0x00,0x00,0x00,
  81          
  82          /*--  文字:  单  --*/
  83          /*--  宋体12;  此字体下对应的点阵为：宽x高=16x16   --*/
  84          0x00,0x00,0x00,0xF8,0x49,0x4A,0x4C,0x48,0xF8,0x48,0x4C,0x4A,0x49,0xF8,0x00,0x00,
  85          0x00,0x10,0x10,0x13,0x12,0x12,0x12,0x12,0xFF,0x12,0x12,0x12,0x12,0x13,0x10,0x10,
  86          
  87          /*--  文字:  片  --*/
  88          /*--  宋体12;  此字体下对应的点阵为：宽x高=16x16   --*/
  89          0x00,0x00,0x20,0x20,0x20,0x20,0x3F,0x20,0x20,0x20,0x20,0x20,0xFE,0x00,0x00,0x00,
  90          0x00,0x00,0x00,0x00,0x00,0xFE,0x02,0x02,0x02,0x02,0x02,0x02,0x1F,0x60,0x80,0x00,
  91          
  92          /*--  文字:  机  --*/
  93          /*--  宋体12;  此字体下对应的点阵为：宽x高=16x16   --*/
  94          0x00,0x00,0x00,0x00,0xFE,0x02,0x02,0x02,0xFE,0x00,0x10,0x90,0xFF,0xD0,0x10,0x10,
  95          0x00,0x78,0x40,0x40,0x3F,0x00,0x00,0x00,0x1F,0x60,0x83,0x00,0xFF,0x00,0x03,0x04,
  96          
  97          /*--  文字:  电  --*/
  98          /*--  宋体12;  此字体下对应的点阵为：宽x高=16x16   --*/
  99          0x00,0x00,0x00,0xF8,0x88,0x88,0x88,0x88,0xFF,0x88,0x88,0x88,0x88,0xF8,0x00,0x00,
 100          0x00,0xF0,0x80,0x9F,0x88,0x88,0x88,0x88,0x7F,0x08,0x08,0x08,0x08,0x1F,0x00,0x00,
 101          
 102          /*--  文字:  子  --*/
 103          /*--  宋体12;  此字体下对应的点阵为：宽x高=16x16   --*/
 104          0x00,0x80,0x80,0x82,0x86,0x8A,0x92,0xA2,0xE2,0x82,0x82,0x82,0x82,0x82,0x82,0x80,
 105          0x00,0x00,0x00,0x00,0x00,0x00,0x00,0x00,0x7F,0x80,0x40,0x00,0x00,0x00,0x00,0x00,
 106          
 107          /*--  文字:  商  --*/
 108          /*--  宋体12;  此字体下对应的点阵为：宽x高=16x16   --*/
 109          0x00,0x00,0x04,0xE4,0x24,0x2C,0xB4,0x24,0x26,0x25,0xB4,0x2C,0x24,0xE4,0x04,0x00,
 110          0x00,0x00,0x00,0x7F,0x82,0x41,0x1E,0x12,0x12,0x12,0x1E,0x01,0x02,0xFF,0x00,0x00,
 111          
 112          /*--  文字:  务  --*/
 113          /*--  宋体12;  此字体下对应的点阵为：宽x高=16x16   --*/
 114          0x00,0x00,0x00,0x00,0x84,0x8C,0x54,0x54,0x24,0xA4,0x57,0x4C,0x88,0x90,0x00,0x00,
 115          0x00,0x01,0x01,0x01,0x3E,0x42,0x82,0x42,0x02,0x07,0x1A,0x22,0x42,0x80,0x01,0x01,
 116          
 117          /*--  文字:  热  --*/
C51 COMPILER V9.01   NEW                                                                   12/18/2017 00:39:52 PAGE 3   

 118          /*--  宋体12;  此字体下对应的点阵为：宽x高=16x16   --*/
 119          0x00,0x00,0x00,0xF8,0x08,0x08,0xFF,0x48,0x08,0x00,0x48,0x48,0xFF,0x88,0x08,0x08,
 120          0x00,0x0F,0xC4,0x23,0x00,0x03,0xC0,0x23,0x04,0x08,0xC0,0x20,0x07,0x08,0x65,0x81,
 121          
 122          /*--  文字:  力  --*/
 123          /*--  宋体12;  此字体下对应的点阵为：宽x高=16x16   --*/
 124          0x00,0x00,0x00,0xF0,0x10,0x10,0x10,0x10,0x10,0xFF,0x10,0x10,0x10,0x10,0x10,0x00,
 125          0x00,0x00,0x00,0x3F,0x40,0x80,0x40,0x20,0x00,0x01,0x06,0x18,0x20,0x40,0x80,0x00,
 126          
 127          /*--  文字:  学  --*/
 128          /*--  宋体12;  此字体下对应的点阵为：宽x高=16x16   --*/
 129          0x00,0x30,0x50,0x13,0x14,0x98,0x90,0x90,0x96,0x91,0x90,0x90,0x96,0x11,0x30,0x40,
 130          0x00,0x04,0x04,0x04,0x04,0x04,0x05,0x06,0x7E,0x84,0x44,0x04,0x04,0x04,0x04,0x04,
 131          
 132          /*--  文字:  液  --*/
 133          /*--  宋体12;  此字体下对应的点阵为：宽x高=16x16   --*/
 134          0x00,0x04,0xE4,0x24,0x24,0xBC,0xC6,0x05,0x1C,0xE4,0x84,0x00,0x8C,0x02,0x60,0x10,
 135          0x00,0x80,0x81,0x46,0x29,0x18,0x26,0x41,0x82,0xFF,0x00,0x00,0x01,0x7E,0x04,0x04,
 136          
 137          /*--  文字:  气  --*/
 138          /*--  宋体12;  此字体下对应的点阵为：宽x高=16x16   --*/
 139          0x00,0x00,0x04,0x04,0xD4,0x54,0x54,0x54,0x54,0x54,0x54,0x54,0x47,0x4C,0x10,0x20,
 140          0x00,0xF0,0x40,0x30,0x0F,0x00,0x00,0x00,0x00,0x00,0x00,0x00,0x00,0x00,0x00,0x00,
 141          
 142          /*--  文字:  压  --*/
 143          /*--  宋体12;  此字体下对应的点阵为：宽x高=16x16   --*/
 144          0x00,0x02,0x82,0x82,0x82,0x82,0x82,0xFA,0x82,0x82,0x82,0x82,0x02,0xFE,0x00,0x00,
 145          0x00,0x40,0x40,0x58,0x44,0x40,0x40,0x7F,0x40,0x40,0x40,0x40,0x40,0x1F,0x60,0x80,
 146          
 147          /*--  文字:  产  --*/
 148          /*--  宋体12;  此字体下对应的点阵为：宽x高=16x16   --*/
 149          0x00,0x80,0x84,0x84,0x84,0xB4,0xC4,0x84,0x86,0x85,0xE4,0x94,0x84,0x84,0x04,0x00,
 150          0x00,0x00,0x00,0x00,0x00,0x00,0x00,0x00,0x00,0x00,0x00,0x00,0x00,0x1F,0x60,0x80,
 151          
 152          /*--  文字:  品  --*/
 153          /*--  宋体12;  此字体下对应的点阵为：宽x高=16x16   --*/
 154          0x00,0x00,0x00,0x00,0x7E,0x42,0x42,0x42,0x42,0x42,0x42,0x42,0x7E,0x00,0x00,0x00,
 155          0x00,0x00,0xFE,0x42,0x42,0x42,0xFE,0x00,0x00,0x00,0xFE,0x42,0x42,0x42,0xFE,0x00,
 156          
 157          /*--  文字:  设  --*/
 158          /*--  宋体12;  此字体下对应的点阵为：宽x高=16x16   --*/
 159          0x00,0x20,0x20,0xA0,0x9E,0x82,0x82,0x82,0x9E,0xA0,0x40,0x00,0xCC,0x42,0x40,0x40,
 160          0x00,0x80,0x80,0x41,0x46,0x28,0x10,0x2C,0x43,0x40,0x88,0x90,0x3F,0x00,0x00,0x00,
 161          
 162          /*--  文字:  计  --*/
 163          /*--  宋体12;  此字体下对应的点阵为：宽x高=16x16   --*/
 164          0x00,0x40,0x40,0x40,0x40,0x40,0xFF,0x40,0x40,0x40,0x40,0x00,0xCC,0x42,0x40,0x40,
 165          0x00,0x00,0x00,0x00,0x00,0x00,0xFF,0x00,0x00,0x00,0x10,0x20,0x7F,0x00,0x00,0x00,
 166          
 167          /*--  文字:  形  --*/
 168          /*--  宋体12;  此字体下对应的点阵为：宽x高=16x16   --*/
 169          0x00,0x60,0x86,0x08,0x10,0x20,0x80,0x82,0x82,0xFE,0x82,0x82,0xFE,0x82,0x82,0x80,
 170          0x00,0x0C,0x10,0x21,0x42,0x84,0x80,0x00,0x00,0xFF,0x00,0x00,0x0F,0x30,0x40,0x80,
 171          
 172          /*--  文字:  教  --*/
 173          /*--  宋体12;  此字体下对应的点阵为：宽x高=16x16   --*/
 174          0x00,0x08,0xF8,0x08,0x08,0x8F,0x70,0x84,0x28,0xB4,0xA4,0xFF,0xA4,0xA4,0xA4,0x20,
 175          0x00,0x80,0x40,0x33,0x0C,0x13,0x20,0x40,0x84,0x04,0x05,0x7E,0x88,0x49,0x0A,0x04,
 176          
 177          /*--  文字:  李  --*/
 178          /*--  宋体12;  此字体下对应的点阵为：宽x高=16x16   --*/
 179          0x00,0x80,0x84,0x44,0x44,0x24,0x14,0x0C,0xFF,0x0C,0x14,0x24,0x44,0x44,0x84,0x80,
C51 COMPILER V9.01   NEW                                                                   12/18/2017 00:39:52 PAGE 4   

 180          0x00,0x08,0x08,0x08,0x08,0x09,0x0B,0x0D,0x79,0x89,0x49,0x09,0x08,0x08,0x08,0x08,
 181          
 182          /*--  文字:  曙  --*/
 183          /*--  宋体12;  此字体下对应的点阵为：宽x高=16x16   --*/
 184          0x00,0x1E,0x72,0xD2,0x5E,0xF2,0x5E,0x52,0x52,0x1E,0x00,0xFC,0x84,0x84,0xFC,0x00,
 185          0x00,0x01,0xFD,0x55,0x55,0x57,0x55,0xFD,0x09,0x11,0x00,0x3F,0x10,0x10,0x3F,0x00,
 186          
 187          /*--  文字:  光  --*/
 188          /*--  宋体12;  此字体下对应的点阵为：宽x高=16x16   --*/
 189          0x00,0x40,0x40,0x46,0x48,0x50,0xC0,0x40,0x7F,0x40,0xC0,0x58,0x44,0x42,0x40,0x40,
 190          0x00,0x78,0x40,0x40,0x40,0x40,0x3F,0x00,0x00,0x00,0x07,0x18,0x20,0x40,0x80,0x80,
 191          
 192          /*--  文字:  陶  --*/
 193          /*--  宋体12;  此字体下对应的点阵为：宽x高=16x16   --*/
 194          0x00,0x00,0xFC,0x04,0x04,0x24,0x24,0xE4,0x37,0x48,0x10,0x86,0x5A,0x22,0xFE,0x00,
 195          0x00,0x00,0x3F,0x40,0x81,0x5D,0x11,0x1F,0x11,0x1D,0x01,0x07,0x08,0x04,0xFF,0x00,
 196          
 197          /*--  文字:  冶  --*/
 198          /*--  宋体12;  此字体下对应的点阵为：宽x高=16x16   --*/
 199          0x00,0x00,0x60,0x30,0x28,0x20,0x23,0x24,0x28,0x30,0x20,0x00,0xC0,0x0C,0x02,0x00,
 200          0x00,0x00,0x00,0xFF,0x41,0x41,0x41,0x41,0x41,0xFF,0x00,0x00,0x00,0x7F,0x02,0x02,
 201          
 202          /*--  文字:  汪  --*/
 203          /*--  宋体12;  此字体下对应的点阵为：宽x高=16x16   --*/
 204          0x00,0x00,0x82,0x82,0x82,0x82,0xFE,0x82,0x82,0x82,0x02,0x00,0x8C,0x02,0x60,0x10,
 205          0x00,0x40,0x40,0x40,0x40,0x40,0x7F,0x40,0x40,0x40,0x40,0x40,0x01,0x7E,0x04,0x04,
 206          
 207          /*--  文字:  永  --*/
 208          /*--  宋体12;  此字体下对应的点阵为：宽x高=16x16   --*/
 209          0x00,0x00,0x10,0x20,0x40,0x80,0x00,0xC4,0xFA,0x09,0xC8,0x48,0x48,0x40,0x40,0x00,
 210          0x00,0x20,0x20,0x10,0x08,0x04,0x03,0x00,0x7F,0x80,0x41,0x06,0x08,0x10,0x20,0x20,
 211          
 212          /*--  文字:  超  --*/
 213          /*--  宋体12;  此字体下对应的点阵为：宽x高=16x16   --*/
 214          0x00,0x00,0xBE,0xC2,0xA2,0x82,0x9E,0xA2,0x42,0x48,0x48,0xFF,0x48,0x48,0x48,0x40,
 215          0x00,0x40,0x4F,0x48,0x48,0x48,0x48,0x4F,0x40,0x44,0x44,0x7F,0x20,0x1F,0x60,0x80,
 216          
 217          /*--  文字:  冯  --*/
 218          /*--  宋体12;  此字体下对应的点阵为：宽x高=16x16   --*/
 219          0x00,0x00,0x80,0x80,0xFE,0x82,0x82,0x82,0x82,0xF2,0x02,0x60,0x80,0x0C,0x02,0x00,
 220          0x00,0x00,0x3F,0x40,0x88,0x48,0x08,0x08,0x08,0x08,0x08,0x00,0x01,0x7E,0x02,0x02,
 221          
 222          /*--  文字:  成  --*/
 223          /*--  宋体12;  此字体下对应的点阵为：宽x高=16x16   --*/
 224          0x00,0x08,0xC8,0x0A,0x09,0x08,0xFF,0x08,0x08,0x88,0x88,0x88,0x88,0xF8,0x00,0x00,
 225          0x00,0xF8,0x41,0x26,0x18,0x16,0x21,0x40,0x80,0x1F,0x20,0x10,0x00,0x1F,0x60,0x80,
 226          
 227          /*--  文字:  德  --*/
 228          /*--  宋体12;  此字体下对应的点阵为：宽x高=16x16   --*/
 229          0x00,0x04,0xF4,0x94,0x94,0xF4,0x9F,0xF4,0x94,0x94,0xF4,0x04,0x33,0xC4,0x88,0x10,
 230          0x00,0x32,0x0A,0xE2,0x82,0x9A,0x86,0x82,0x72,0x02,0x32,0x42,0x00,0xFF,0x00,0x01,
 231          
 232          /*--  文字:  刘  --*/
 233          /*--  宋体12;  此字体下对应的点阵为：宽x高=16x16   --*/
 234          0x00,0x00,0xFF,0x00,0x00,0xF8,0x00,0x08,0x08,0x78,0x88,0x0E,0x89,0x48,0x28,0x08,
 235          0x00,0x00,0x7F,0x80,0x40,0x0F,0x00,0x00,0x00,0x60,0x19,0x06,0x09,0x10,0x20,0x40,
 236          
 237          /*--  文字:  d  --*/
 238          /*--  宋体12;  此字体下对应的点阵为：宽x高=16x16   --*/
 239          0x00,0x00,0x88,0x88,0xFF,0x88,0x9C,0x20,0x02,0xF2,0x92,0x92,0xFE,0x92,0x92,0xF2,
 240          0x00,0x48,0x48,0x48,0x4F,0x48,0x48,0x48,0x40,0x47,0x44,0x44,0x5F,0x24,0x54,0x8F,
 241          
C51 COMPILER V9.01   NEW                                                                   12/18/2017 00:39:52 PAGE 5   

 242          /*--  文字:  余  --*/
 243          /*--  宋体12;  此字体下对应的点阵为：宽x高=16x16   --*/
 244          0x00,0x80,0x80,0x40,0x20,0x50,0x48,0x44,0xC3,0x44,0x48,0x50,0x20,0x40,0x80,0x80,
 245          0x00,0x00,0x60,0x12,0x0A,0x02,0x02,0x02,0x7F,0x82,0x42,0x02,0x1A,0x22,0x40,0x00,
 246          
 247          /*--  文字:  平  --*/
 248          /*--  宋体12;  此字体下对应的点阵为：宽x高=16x16   --*/
 249          0x00,0x00,0x02,0x02,0x32,0x42,0x02,0x02,0xFE,0x02,0x02,0x62,0x12,0x02,0x02,0x00,
 250          0x00,0x01,0x01,0x01,0x01,0x01,0x01,0x01,0xFF,0x01,0x01,0x01,0x01,0x01,0x01,0x01,
 251          
 252          /*--  文字:  刘  --*/
 253          /*--  宋体12;  此字体下对应的点阵为：宽x高=16x16   --*/
 254          0x00,0x00,0xFF,0x00,0x00,0xF8,0x00,0x08,0x08,0x78,0x88,0x0E,0x89,0x48,0x28,0x08,
 255          0x00,0x00,0x7F,0x80,0x40,0x0F,0x00,0x00,0x00,0x60,0x19,0x06,0x09,0x10,0x20,0x40,
 256          
 257          /*--  文字:  家  --*/
 258          /*--  宋体12;  此字体下对应的点阵为：宽x高=16x16   --*/
 259          0x00,0x0C,0x34,0xA4,0x24,0x24,0x24,0x24,0xA6,0x65,0xA4,0xA4,0x24,0x24,0x2C,0x10,
 260          0x00,0x20,0x20,0x10,0x11,0x0A,0x04,0x7F,0x89,0x52,0x14,0x24,0x29,0x49,0x49,0x40,
 261          
 262          /*--  调入了一幅图像：这是您新建的图像  --*/
 263          /*--  宽度x高度=16x16  --*/
 264          0x00,0x00,0x00,0x00,0x00,0x00,0x00,0x00,0x00,0x00,0x00,0x00,0x00,0x00,0x00,0x00,
 265          0x00,0x00,0x00,0x00,0x00,0x00,0x00,0x00,0x00,0x00,0x00,0x00,0x00,0x00,0x00,0x00,
 266          };
 267          
 268          unsigned char code table1[17][16]={
 269          /*--  文字:  0  --*/
 270          /*--  宋体12;  此字体下对应的点阵为：宽x高=8x16   --*/
 271          0x00,0xE0,0x10,0x08,0x08,0x10,0xE0,0x00,0x00,0x0F,0x10,0x20,0x20,0x10,0x0F,0x00,
 272          
 273          /*--  文字:  1  --*/
 274          /*--  宋体12;  此字体下对应的点阵为：宽x高=8x16   --*/
 275          0x00,0x00,0x00,0x00,0xF8,0x10,0x10,0x00,0x00,0x00,0x20,0x20,0x3F,0x20,0x20,0x00,
 276          
 277          /*--  文字:  2  --*/
 278          /*--  宋体12;  此字体下对应的点阵为：宽x高=8x16   --*/
 279          0x00,0x70,0x88,0x08,0x08,0x08,0x70,0x00,0x00,0x30,0x21,0x22,0x24,0x28,0x30,0x00,
 280          
 281          /*--  文字:  3  --*/
 282          /*--  宋体12;  此字体下对应的点阵为：宽x高=8x16   --*/
 283          0x00,0x30,0x48,0x88,0x88,0x08,0x30,0x00,0x00,0x0E,0x11,0x20,0x20,0x20,0x18,0x00,
 284          
 285          /*--  文字:  4  --*/
 286          /*--  宋体12;  此字体下对应的点阵为：宽x高=8x16   --*/
 287          0x00,0x00,0xF8,0x10,0x20,0xC0,0x00,0x00,0x00,0x24,0x3F,0x24,0x24,0x04,0x07,0x00,
 288          
 289          /*--  文字:  5  --*/
 290          /*--  宋体12;  此字体下对应的点阵为：宽x高=8x16   --*/
 291          0x00,0x08,0x08,0x88,0x88,0x08,0xF8,0x00,0x00,0x0E,0x11,0x20,0x20,0x21,0x19,0x00,
 292          
 293          /*--  文字:  6  --*/
 294          /*--  宋体12;  此字体下对应的点阵为：宽x高=8x16   --*/
 295          0x00,0x00,0x18,0x88,0x88,0x10,0xE0,0x00,0x00,0x0E,0x11,0x20,0x20,0x11,0x0F,0x00,
 296          
 297          /*--  文字:  7  --*/
 298          /*--  宋体12;  此字体下对应的点阵为：宽x高=8x16   --*/
 299          0x00,0x08,0x38,0xC8,0x08,0x08,0x38,0x00,0x00,0x00,0x00,0x00,0x3F,0x00,0x00,0x00,
 300          
 301          /*--  文字:  8  --*/
 302          /*--  宋体12;  此字体下对应的点阵为：宽x高=8x16   --*/
 303          0x00,0x70,0x88,0x08,0x08,0x88,0x70,0x00,0x00,0x1C,0x22,0x21,0x21,0x22,0x1C,0x00,
C51 COMPILER V9.01   NEW                                                                   12/18/2017 00:39:52 PAGE 6   

 304          
 305          /*--  文字:  9  --*/
 306          /*--  宋体12;  此字体下对应的点阵为：宽x高=8x16   --*/
 307          0x00,0xE0,0x10,0x08,0x08,0x10,0xE0,0x00,0x00,0x0F,0x11,0x22,0x22,0x31,0x00,0x00,
 308          
 309          /*--  文字:  P  --*/
 310          /*--  宋体12;  此字体下对应的点阵为：宽x高=8x16   --*/
 311          0x00,0xF0,0x08,0x08,0x08,0x08,0xF8,0x08,0x00,0x00,0x01,0x01,0x01,0x21,0x3F,0x20,
 312          
 313          /*--  文字:  L  --*/
 314          /*--  宋体12;  此字体下对应的点阵为：宽x高=8x16   --*/
 315          0x00,0x00,0x00,0x00,0x00,0x08,0xF8,0x08,0x00,0x30,0x20,0x20,0x20,0x20,0x3F,0x20,
 316          
 317          /*--  文字:  C  --*/
 318          /*--  宋体12;  此字体下对应的点阵为：宽x高=8x16   --*/
 319          0x00,0x38,0x08,0x08,0x08,0x08,0x30,0xC0,0x00,0x08,0x10,0x20,0x20,0x20,0x18,0x07,
 320          
 321          /*--  调入了一幅图像：这是您新建的图像  --*/
 322          /*--  宽度x高度=8x16  --*/
 323          0x00,0x00,0x00,0x00,0x00,0x00,0x00,0x00,0x00,0x00,0x00,0x00,0x00,0x00,0x00,0x00,
 324          
 325          /*--  文字:  E  --*/
 326          /*--  宋体12;  此字体下对应的点阵为：宽x高=8x16   --*/
 327          0x00,0x10,0x08,0xE8,0x88,0x88,0xF8,0x08,0x00,0x18,0x20,0x23,0x20,0x20,0x3F,0x20,
 328          
 329          /*--  文字:  R  --*/
 330          /*--  宋体12;  此字体下对应的点阵为：宽x高=8x16   --*/
 331          0x00,0x70,0x88,0x88,0x88,0x88,0xF8,0x08,0x20,0x30,0x0C,0x03,0x00,0x20,0x3F,0x20,
 332          
 333          /*--  文字:  P  --*/
 334          /*--  宋体12;  此字体下对应的点阵为：宽x高=8x16   --*/
 335          0x00,0xF0,0x08,0x08,0x08,0x08,0xF8,0x08,0x00,0x00,0x01,0x01,0x01,0x21,0x3F,0x20,
 336          };
 337          
 338          void Delay10ms(unsigned int c)   
 339          {
 340   1          unsigned char a,b;
 341   1          for(;c>0;c--)
 342   1              for(b=38;b>0;b--)
 343   1                  for(a=130;a>0;a--);
 344   1      }
 345          
 346          void KeyWeek()
 347          {
 348   1          if(WeekP==0) 
 349   1              {
 350   2                  Delay10ms(1);
 351   2                  if(WeekP==0);
 352   2                      {
 353   3                          Week++;
 354   3                              Sub=0;
 355   3                      }
 356   2              }
 357   1      }
 358          
 359          void KeySub()
 360          {
 361   1          if(SubC==0)
 362   1              {
 363   2                  Delay10ms(1);
 364   2                      if(SubC==0);
 365   2                      {
C51 COMPILER V9.01   NEW                                                                   12/18/2017 00:39:52 PAGE 7   

 366   3                          Sub++;
 367   3                      }
 368   2              }
 369   1      }
 370          
 371          void PageChange()
 372          {
 373   1          int Wei;
 374   1              Wei=Sub&0x01;
 375   1          if(Week==5)
 376   1              {
 377   2                  Week=0;
 378   2                  Pd=16*Week+Wei;
 379   2              }
 380   1              else
 381   1              {
 382   2                      Pd=16*Week+Wei;
 383   2              }
 384   1      }
 385          
 386          void Display()
 387          {
 388   1          switch(Pd)
 389   1              {
 390   2              case 0x00:WRITE_16(0,7,0);
 391   2                        WRITE_16(0,6,1);
 392   2                        WRITE_16(0,5,6);
 393   2                        WRITE_16(0,4,1);
 394   2                        WRITE_16(0,3,7);
 395   2                        WRITE_16(1,7,10);
 396   2                        WRITE_16(1,6,11);
 397   2                        WRITE_16(1,5,12);
 398   2                        WRITE_16(2,7,32);
 399   2                        WRITE_16(2,6,33);
 400   2                        WRITE_16(2,5,34);
 401   2                        WRITE_16(3,7,8);
 402   2                        WRITE_16(3,6,9);
 403   2                        WRITE_8(3,11,13);
 404   2                        WRITE_8(3,10,4);
 405   2                        WRITE_8(3,9,0);
 406   2                        WRITE_8(3,8,3);
 407   2                                break;
 408   2              case 0x01:WRITE_16(0,7,0);
 409   2                        WRITE_16(0,6,1);
 410   2                        WRITE_16(0,5,6);
 411   2                        WRITE_16(0,4,2);
 412   2                        WRITE_16(0,3,7);
 413   2                        WRITE_16(1,7,13);
 414   2                        WRITE_16(1,6,14);
 415   2                        WRITE_16(1,5,15);
 416   2                        WRITE_16(2,7,35);
 417   2                        WRITE_16(2,6,36);
 418   2                                WRITE_16(2,5,49);
 419   2                        WRITE_16(3,7,3);
 420   2                        WRITE_16(3,6,9);
 421   2                        WRITE_8(3,11,13);
 422   2                        WRITE_8(3,10,3);
 423   2                        WRITE_8(3,9,1);
 424   2                        WRITE_8(3,8,5);
 425   2                                break;
 426   2              case 0x10:WRITE_16(0,7,0);
 427   2                        WRITE_16(0,6,2);
C51 COMPILER V9.01   NEW                                                                   12/18/2017 00:39:52 PAGE 8   

 428   2                        WRITE_16(0,5,6);
 429   2                        WRITE_16(0,4,1);
 430   2                        WRITE_16(0,3,7);
 431   2                        WRITE_8(1,15,14);
 432   2                        WRITE_8(1,14,15);
 433   2                        WRITE_8(1,13,16);
 434   2                                WRITE_8(1,12,13);
 435   2                                WRITE_8(1,11,13);
 436   2                                WRITE_8(1,10,13);
 437   2                        WRITE_16(2,7,37);
 438   2                        WRITE_16(2,6,38);
 439   2                                WRITE_16(2,5,39);
 440   2                        WRITE_16(3,7,3);
 441   2                        WRITE_16(3,6,9);
 442   2                        WRITE_8(3,11,13);
 443   2                        WRITE_8(3,10,1);
 444   2                        WRITE_8(3,9,1);
 445   2                        WRITE_8(3,8,7);
 446   2                                break;
 447   2              case 0x11:WRITE_16(0,7,0);
 448   2                        WRITE_16(0,6,2);
 449   2                        WRITE_16(0,5,6);
 450   2                        WRITE_16(0,4,2);
 451   2                        WRITE_16(0,3,7);
 452   2                        WRITE_16(1,7,20);
 453   2                        WRITE_16(1,6,21);
 454   2                        WRITE_16(1,5,22);
 455   2                        WRITE_16(2,7,40);
 456   2                        WRITE_16(2,6,41);
 457   2                                WRITE_16(2,5,42);
 458   2                        WRITE_16(3,7,3);
 459   2                        WRITE_16(3,6,9);
 460   2                        WRITE_8(3,11,13);
 461   2                        WRITE_8(3,10,2);
 462   2                        WRITE_8(3,9,1);
 463   2                        WRITE_8(3,8,5);
 464   2                                break;
 465   2              case 0x20:WRITE_16(0,7,0);
 466   2                        WRITE_16(0,6,3);
 467   2                        WRITE_16(0,5,6);
 468   2                        WRITE_16(0,4,1);
 469   2                        WRITE_16(0,3,7);
 470   2                        WRITE_16(1,7,23);
 471   2                        WRITE_16(1,6,24);
 472   2                        WRITE_16(1,5,25);
 473   2                        WRITE_16(2,7,43);
 474   2                        WRITE_16(2,6,44);
 475   2                                WRITE_16(2,5,49);
 476   2                        WRITE_16(3,7,8);
 477   2                        WRITE_16(3,6,9);
 478   2                        WRITE_8(3,11,13);
 479   2                        WRITE_8(3,10,5);
 480   2                        WRITE_8(3,9,0);
 481   2                        WRITE_8(3,8,2);
 482   2                                break;
 483   2              case 0x21:WRITE_16(0,7,0);
 484   2                        WRITE_16(0,6,3);
 485   2                        WRITE_16(0,5,6);
 486   2                        WRITE_16(0,4,2);
 487   2                        WRITE_16(0,3,7);
 488   2                        WRITE_16(1,7,10);
 489   2                        WRITE_16(1,6,11);
C51 COMPILER V9.01   NEW                                                                   12/18/2017 00:39:52 PAGE 9   

 490   2                        WRITE_16(1,5,12);
 491   2                        WRITE_16(2,7,32);
 492   2                        WRITE_16(2,6,33);
 493   2                                WRITE_16(2,5,34);
 494   2                        WRITE_16(3,7,3);
 495   2                        WRITE_16(3,6,9);
 496   2                        WRITE_8(3,11,13);
 497   2                        WRITE_8(3,10,1);
 498   2                        WRITE_8(3,9,4);
 499   2                        WRITE_8(3,8,9);
 500   2                                break;
 501   2              case 0x30:WRITE_16(0,7,0);
 502   2                        WRITE_16(0,6,4);
 503   2                        WRITE_16(0,5,6);
 504   2                        WRITE_16(0,4,1);
 505   2                        WRITE_16(0,3,7);
 506   2                        WRITE_16(1,7,26);
 507   2                        WRITE_16(1,6,28);
 508   2                        WRITE_16(1,5,49);
 509   2                        WRITE_16(2,7,40);
 510   2                        WRITE_16(2,6,41);
 511   2                                WRITE_16(2,5,42);
 512   2                        WRITE_16(3,7,3);
 513   2                        WRITE_16(3,6,9);
 514   2                        WRITE_8(3,11,13);
 515   2                        WRITE_8(3,10,1);
 516   2                        WRITE_8(3,9,1);
 517   2                        WRITE_8(3,8,7);
 518   2                                break;
 519   2              case 0x31:WRITE_16(0,7,0);
 520   2                        WRITE_16(0,6,4);
 521   2                        WRITE_16(0,5,6);
 522   2                        WRITE_16(0,4,2);
 523   2                        WRITE_16(0,3,7);
 524   2                        WRITE_8(1,15,10);
 525   2                        WRITE_8(1,14,11);
 526   2                        WRITE_8(1,13,12);
 527   2                                WRITE_8(1,12,13);
 528   2                                WRITE_8(1,11,13);
 529   2                                WRITE_8(1,10,13);
 530   2                        WRITE_16(2,7,45);
 531   2                        WRITE_16(2,6,42);
 532   2                                WRITE_16(2,5,46);
 533   2                        WRITE_16(3,7,3);
 534   2                        WRITE_16(3,6,9);
 535   2                        WRITE_8(3,11,13);
 536   2                        WRITE_8(3,10,1);
 537   2                        WRITE_8(3,9,1);
 538   2                        WRITE_8(3,8,5);
 539   2                                break;
 540   2              case 0x40:WRITE_16(0,7,0);
 541   2                        WRITE_16(0,6,5);
 542   2                        WRITE_16(0,5,6);
 543   2                        WRITE_16(0,4,1);
 544   2                        WRITE_16(0,3,7);
 545   2                        WRITE_16(1,7,30);
 546   2                        WRITE_16(1,6,31);
 547   2                        WRITE_16(1,5,49);
 548   2                        WRITE_16(2,7,47);
 549   2                        WRITE_16(2,6,41);
 550   2                                WRITE_16(2,5,48);
 551   2                        WRITE_16(3,7,8);
C51 COMPILER V9.01   NEW                                                                   12/18/2017 00:39:52 PAGE 10  

 552   2                        WRITE_16(3,6,9);
 553   2                        WRITE_8(3,11,13);
 554   2                        WRITE_8(3,10,2);
 555   2                        WRITE_8(3,9,0);
 556   2                        WRITE_8(3,8,1);
 557   2                                break;
 558   2              case 0x41:WRITE_16(0,7,0);
 559   2                        WRITE_16(0,6,5);
 560   2                        WRITE_16(0,5,6);
 561   2                        WRITE_16(0,4,1);
 562   2                        WRITE_16(0,3,7);
 563   2                        WRITE_16(1,7,30);
 564   2                        WRITE_16(1,6,31);
 565   2                        WRITE_16(1,5,49);
 566   2                        WRITE_16(2,7,47);
 567   2                        WRITE_16(2,6,41);
 568   2                                WRITE_16(2,5,48);
 569   2                        WRITE_16(3,7,8);
 570   2                        WRITE_16(3,6,9);
 571   2                        WRITE_8(3,11,13);
 572   2                        WRITE_8(3,10,2);
 573   2                        WRITE_8(3,9,0);
 574   2                        WRITE_8(3,8,1);
 575   2                                break;
 576   2              }
 577   1      }
 578          void WRITE_16(uchar plat,uchar column,uchar p)
 579          {
 580   1              uchar page,page1,col,col_h,col_l;
 581   1              uchar i,a,j=0;
 582   1              page1= plat*2;
 583   1              page=page1+0xb0;
 584   1              col=column*16;
 585   1              col_h=((col>>4)|0xf0)&0x1f;
 586   1              col_l=col&0x0f;
 587   1              for(a = 0; a < 2; a++)
 588   1              {
 589   2                      WriteCmd(col_h);
 590   2                      WriteCmd(col_l);
 591   2                      WriteCmd(page+a);
 592   2                      for(i = 0;  i < 16; i ++ )
 593   2                      {
 594   3                              WriteData(table[p][j++]);       
 595   3                      }
 596   2              }        
 597   1      }
 598          void WRITE_8(uchar plat,uchar column,uchar p)
 599          {
 600   1              uchar page,page1,col,col_h,col_l;
 601   1              uchar i,a,jj=0;
 602   1              page1= plat*2;
 603   1              page=page1+0xb0;
 604   1              col=column*8;
 605   1              col_h=((col>>4)|0xf0)&0x1f;
 606   1              col_l=col&0x0f;
 607   1              for(a = 0; a < 2; a++)
 608   1              {
 609   2                      WriteCmd(col_h);
 610   2                      WriteCmd(col_l);
 611   2                      WriteCmd(page+a);
 612   2                      for(i = 0;  i < 8; i ++ )
 613   2                      {
C51 COMPILER V9.01   NEW                                                                   12/18/2017 00:39:52 PAGE 11  

 614   3                              WriteData(table1[p][jj++]);     
 615   3                      }
 616   2       }       
 617   1      }
 618          void main()
 619          {
 620   1              LcdInit();
 621   1              LcdClearScreen();
 622   1              while(1)
 623   1              {
 624   2                  KeyWeek();
 625   2                      KeySub();
 626   2                      PageChange();
 627   2                      Display();
 628   2                      Delay10ms(15);
 629   2              }
 630   1      }


MODULE INFORMATION:   STATIC OVERLAYABLE
   CODE SIZE        =   1920    ----
   CONSTANT SIZE    =   1872    ----
   XDATA SIZE       =   ----    ----
   PDATA SIZE       =   ----    ----
   DATA SIZE        =      6       4
   IDATA SIZE       =   ----    ----
   BIT SIZE         =   ----    ----
END OF MODULE INFORMATION.


C51 COMPILATION COMPLETE.  0 WARNING(S),  0 ERROR(S)
